<?xml version="1.0" encoding="UTF-8"?>
<testng-results ignored="0" total="2" passed="2" failed="0" skipped="0">
  <reporter-output>
  </reporter-output>
  <suite started-at="2021-08-31T08:31:53 IST" name="Suite" finished-at="2021-08-31T08:32:04 IST" duration-ms="10815">
    <groups>
    </groups>
    <test started-at="2021-08-31T08:31:53 IST" name="Test1" finished-at="2021-08-31T08:32:04 IST" duration-ms="10770">
      <class name="demo.Test1">
        <test-method signature="demo(java.lang.String)[pri:0, instance:demo.Test1@5609159b]" started-at="2021-08-31T08:31:53 IST" name="demo" finished-at="2021-08-31T08:32:04 IST" duration-ms="10694" status="PASS">
          <params>
            <param index="0">
              <value>
                <![CDATA[chrome]]>
              </value>
            </param>
          </params>
          <reporter-output>
          </reporter-output>
        </test-method> <!-- demo -->
      </class> <!-- demo.Test1 -->
    </test> <!-- Test1 -->
    <test started-at="2021-08-31T08:31:53 IST" name="Test3" finished-at="2021-08-31T08:32:04 IST" duration-ms="10815">
      <class name="demo.Test1">
        <test-method signature="demo(java.lang.String)[pri:0, instance:demo.Test1@609db43b]" started-at="2021-08-31T08:31:53 IST" name="demo" finished-at="2021-08-31T08:32:04 IST" duration-ms="10744" status="PASS">
          <params>
            <param index="0">
              <value>
                <![CDATA[chrome]]>
              </value>
            </param>
          </params>
          <reporter-output>
          </reporter-output>
        </test-method> <!-- demo -->
      </class> <!-- demo.Test1 -->
    </test> <!-- Test3 -->
  </suite> <!-- Suite -->
</testng-results>
